<?xml version="1.0" encoding="UTF-8"?>
<testsuite name="basicTest.BasicJunit" tests="2" skipped="0" failures="0" errors="0" timestamp="2021-08-02T02:38:58" hostname="DESKTOP-2G4RE7M" time="0.002">
  <properties/>
  <testcase name="thisIsATest2" classname="basicTest.BasicJunit" time="0.001"/>
  <testcase name="thisIsATest" classname="basicTest.BasicJunit" time="0.001"/>
  <system-out><![CDATA[before
TESTTT2
after
before
TESTTT
after
]]></system-out>
  <system-err><![CDATA[]]></system-err>
</testsuite>
