<?xml version="1.0" encoding="UTF-8"?>
<testsuite name="cleanTest.WhenDoTest" tests="1" skipped="0" failures="0" errors="0" timestamp="2021-08-02T02:38:58" hostname="DESKTOP-2G4RE7M" time="8.289">
  <properties/>
  <testcase name="verifyCreateTask" classname="cleanTest.WhenDoTest" time="8.289"/>
  <system-out><![CDATA[]]></system-out>
  <system-err><![CDATA[]]></system-err>
</testsuite>
